21:29 :wilhelm.freenode.net :*** Looking up your hostname...
21:29 :wilhelm.freenode.net :*** Checking Ident
:wilhelm.freenode.net NOTICE * :*** Couldn't look up your hostname
21:29 :wilhelm.freenode.net :*** No Ident response
21:29 edia.co.uk/ 372 jec-dev-botwain :- this server!
:wilhelm.freenode.net 372 jec-dev-botwain :-  
:wilhelm.freenode.net 372 jec-dev-botwain :- Welcome to freenode - supporting the free and open source
:wilhelm.freenode.net 372 jec-dev-botwain :- software communities since 1998.
:wilhelm.freenode.net 372 jec-dev-botwain :-  
:wilhelm.freenode.net 372 jec-dev-botwain :- By connecting to freenode you indicate that you have read and
:wilhelm.freenode.net 372 jec-dev-botwain :- accept our policies as set out on http://www.freenode.net
:wilhelm.freenode.net 372 jec-dev-botwain :- freenode runs an open proxy scanner. Please join #freenode for
:wilhelm.freenode.net 372 jec-dev-botwain :- any network-related questions or queries, where a number of
:wilhelm.freenode.net 372 jec-dev-botwain :- volunteer staff and helpful users will be happy to assist you.
:wilhelm.freenode.net 372 jec-dev-botwain :-  
:wilhelm.freenode.net 372 jec-dev-botwain :- You can meet us at FOSSCON (http://www.fosscon.org) where we get
:wilhelm.freenode.net 372 jec-dev-botwain :- together with like-minded FOSS enthusiasts for talks and
:wilhelm.freenode.net 372 jec-dev-botwain :- real-life collaboration.
:wilhelm.freenode.net 372 jec-dev-botwain :-  
:wilhelm.freenode.net 372 jec-dev-botwain :- We would like to thank Private Internet Access
:wilhelm.freenode.net 372 jec-dev-botwain :- (https://www.privateinternetaccess.com/) and the other
:wilhelm.freenode.net 372 jec-dev-botwain :- organisations that help keep freenode and our other projects
:wilhelm.freenode.net 372 jec-dev-botwain :- running for their sustained support.
:wilhelm.freenode.net 372 jec-dev-botwain :-  
:wilhelm.freenode.net 372 jec-dev-botwain :- In particular we would like to thank the sponsor
:wilhelm.freenode.net 372 jec-dev-botwain :- of this server, details of which can be found above.
:wilhelm.freenode.net 372 jec-dev-botwain :-  
:wilhelm.freenode.net 372 jec-dev-botwain :- By connecting to freenode you indicate that yo
21:30 u and
:wilhelm.freenode.net 372 jec-dev-botwain :- agree with our policies and guidelines as published on
:wilhelm.freenode.net 372 jec-dev-botwain :- https://freenode.net
:wilhelm.freenode.net 376 jec-dev-botwain :End of /MOTD command.
:jec-dev-botwain MODE jec-dev-botwain :+i
:jec-dev-botwain!~jec-dev-b@47.247.10.187 JOIN #jec-dev
:wilhelm.freenode.net 332 jec-dev-botwain #jec-dev :Logs : http://50.116.0.97:5000/ | 2 years of #jec-dev ٩(◕‿◕)۶ | chill out with fellow developers of JEC, discuss and please refrain from using sir/ma'am :)
:wilhelm.freenode.net 333 jec-dev-botwain #jec-dev vipul20!uid64067@gateway/web/irccloud.com/x-hurfjjwrmqfmpsgu 1502385858
:wilhelm.freenode.net 353 jec-dev-botwain = #jec-dev :jec-dev-botwain ary_yaar pikapi amey deepika san-D knrai vipul20 RPandey jec-dev-bot @ChanServ
:wilhelm.freenode.net 366 jec-dev-botwain #jec-dev :End of /NAMES list.
:wilhelm.freenode.net 401 jec-dev-botwain #jec-devtesting :No such nick/channel
:wilhelm.freenode.net 401 jec-dev-botwain #jec-devtesting :No such nick/channel
21:30 :wilhelm.freenode.net #jec-devtesting :No such nick/channel
21:30 :sanD_ 
21:30 :wilhelm.freenode.net #jec-devtesting :No such nick/channel
21:31 :sanD_ Quit
21:32 :sandesh 
21:32 :wilhelm.freenode.net #jec-devtesting :No such nick/channel
21:33 :san-D :vipul20: bot.py (jec-dev-botwain  :D)  is runnig now
21:33 :wilhelm.freenode.net #jec-devtesting :No such nick/channel
21:33 :san-D :but not welcomming anyone looks like some fault in code
21:34 :ary_yaar timeout: 260 seconds
21:34 :wilhelm.freenode.net #jec-devtesting :No such nick/channel
21:34 :pikapi :Yoooooooooo
21:34 :wilhelm.freenode.net #jec-devtesting :No such nick/channel
21:40 :verne.freenode.net :*** Looking up your hostname...
21:40 :verne.freenode.net :*** Checking Ident
:verne.freenode.net NOTICE * :*** Couldn't look up your hostname
21:40 :verne.freenode.net :*** No Ident response
21:40 ec-dev-botwain server!
:verne.freenode.net 372 jec-dev-botwain :-  
:verne.freenode.net 372 jec-dev-botwain :-  
:verne.freenode.net 372 jec-dev-botwain :- VERNE, Jules (1828-1905). Born in Nantes, France, Verne was
:verne.freenode.net 372 jec-dev-botwain :- a pioneering french author known for novels such as Twenty
:verne.freenode.net 372 jec-dev-botwain :- Thousand Leagues Under the Sea, A Journey to the Center of the
:verne.freenode.net 372 jec-dev-botwain :- Earth, and Around the World in Eighty Days. Often lauded as the
:verne.freenode.net 372 jec-dev-botwain :- Father of science fiction, Verne wrote about concepts such as
:verne.freenode.net 372 jec-dev-botwain :- space travel, skyscrapers, and worldwide communications
:verne.freenode.net 372 jec-dev-botwain :- networks long before these ideas became popularised or realised.
:verne.freenode.net 372 jec-dev-botwain :-  
:verne.freenode.net 372 jec-dev-botwain :- Welcome to freenode - supporting the free and open source
:verne.freenode.net 372 jec-dev-botwain :- software communities since 1998.
:verne.freenode.net 372 jec-dev-botwain :-  
:verne.freenode.net 372 jec-dev-botwain :- By connecting to freenode you indicate that you have read and
:verne.freenode.net 372 jec-dev-botwain :- accept our policies as set out on http://www.freenode.net
:verne.freenode.net 372 jec-dev-botwain :- freenode runs an open proxy scanner. Please join #freenode for
:verne.freenode.net 372 jec-dev-botwain :- any network-related questions or queries, where a number of
:verne.freenode.net 372 jec-dev-botwain :- volunteer staff and helpful users will be happy to assist you.
:verne.freenode.net 372 jec-dev-botwain :-  
:verne.freenode.net 372 jec-dev-botwain :- You can meet us at FOSSCON (http://www.fosscon.org) where we get
:verne.freenode.net 372 jec-dev-botwain :- together with like-minded FOSS enthusiasts for talks and
:verne.freenode.net 372 jec-dev-botwain :- real-life collaboration.
:verne.freenode.net 372 jec-dev-botwain :-  
:verne.freenode.net
21:40  :- We would like to thank Private Internet Access
:verne.freenode.net 372 jec-dev-botwain :- (https://www.privateinternetaccess.com/) and the other
:verne.freenode.net 372 jec-dev-botwain :- organisations that help keep freenode and our other projects
:verne.freenode.net 372 jec-dev-botwain :- running for their sustained support.
:verne.freenode.net 372 jec-dev-botwain :-  
:verne.freenode.net 372 jec-dev-botwain :- In particular we would like to thank the sponsor
:verne.freenode.net 372 jec-dev-botwain :- of this server, details of which can be found above.
:verne.freenode.net 372 jec-dev-botwain :-  
:verne.freenode.net 372 jec-dev-botwain :- By connecting to freenode you indicate that you have read and
:verne.freenode.net 372 jec-dev-botwain :- agree with our policies and guidelines as published on
:verne.freenode.net 372 jec-dev-botwain :- https://freenode.net
:verne.freenode.net 376 jec-dev-botwain :End of /MOTD command.
:jec-dev-botwain MODE jec-dev-botwain :+i
21:40 :jec-dev-botwain 332 jec-dev-botwain #jec-dev :Logs : http://50.116.0.97:5000/ | 2 years of #jec-dev ٩(◕‿◕)۶ | chill out with fellow developers of JEC, discuss and please refrain from using sir/ma'am :)
:verne.freenode.net 333 jec-dev-botwain #jec-dev vipul20!uid64067@gateway/web/irccloud.com/x-hurfjjwrmqfmpsgu 1502385859
:verne.freenode.net 353 jec-dev-botwain = #jec-dev :jec-dev-botwain pikapi amey deepika san-D knrai vipul20 RPandey jec-dev-bot @ChanServ
:verne.freenode.net 366 jec-dev-botwain #jec-dev :End of /NAMES list.
:verne.freenode.net 401 jec-dev-botwain #jec-devtesting :No such nick/channel
:verne.freenode.net 401 jec-dev-botwain #jec-devtesting :No such nick/channel
21:40 :verne.freenode.net #jec-devtesting :No such nick/channel
21:40 :sandesh 
21:41 :knrai_ 
21:41 :verne.freenode.net #jec-devtesting :No such nick/channel
21:42 :knrai_ Quit
21:43 :karatkievich.freenode.net :*** Looking up your hostname...
21:43 :karatkievich.freenode.net :*** Checking Ident
:karatkievich.freenode.net NOTICE * :*** Couldn't look up your hostname
21:43 :karatkievich.freenode.net :*** No Ident response
21:43 .net. 372 jec-dev-botwain :- http://www.tatacommunications.com/ for sponsoring
:karatkievich.freenode.net 372 jec-dev-botwain :- this server!
:karatkievich.freenode.net 372 jec-dev-botwain :-  
:karatkievich.freenode.net 372 jec-dev-botwain :- KARATKIEVICH, ULADZIMIR (1930-1984) was a Belarusian
:karatkievich.freenode.net 372 jec-dev-botwain :- romantic writer. After his first published work was a poem
:karatkievich.freenode.net 372 jec-dev-botwain :- in 1951, he followed up with novels, short stories, plays,
:karatkievich.freenode.net 372 jec-dev-botwain :- essays, articles and screenplays. His probably most popular
:karatkievich.freenode.net 372 jec-dev-botwain :- work is the novel 'King Stakh's Wild Hunt' (1964). Most his
:karatkievich.freenode.net 372 jec-dev-botwain :- novels are about Belarus's past.  He won many national
:karatkievich.freenode.net 372 jec-dev-botwain :- literary awards and influenced the Belarusian literature's
:karatkievich.freenode.net 372 jec-dev-botwain :- development of historical themes.
:karatkievich.freenode.net 372 jec-dev-botwain :-  
:karatkievich.freenode.net 372 jec-dev-botwain :-  
:karatkievich.freenode.net 372 jec-dev-botwain :- Welcome to freenode - supporting the free and open source
:karatkievich.freenode.net 372 jec-dev-botwain :- software communities since 1998.
:karatkievich.freenode.net 372 jec-dev-botwain :-  
:karatkievich.freenode.net 372 jec-dev-botwain :- By connecting to freenode you indicate that you have read and
:karatkievich.freenode.net 372 jec-dev-botwain :- accept our policies as set out on http://www.freenode.net
:karatkievich.freenode.net 372 jec-dev-botwain :- freenode runs an open proxy scanner. Please join #freenode for
:karatkievich.freenode.net 372 jec-dev-botwain :- any network-related questions or queries, where a number of
:karatkievich.freenode.net 372 jec-dev-botwain :- volunteer staff and helpful users will be happy to assist you.
:karatkievich.freenode.net 372 jec-dev-botwain :-  
21:43 :karatkievich.freenode.net :- You can meet us at FOSSCON (http://www.fosscon.org) where we get
:karatkievich.freenode.net 372 jec-dev-botwain :- together with like-minded FOSS enthusiasts for talks and
:karatkievich.freenode.net 372 jec-dev-botwain :- real-life collaboration.
:karatkievich.freenode.net 372 jec-dev-botwain :-  
:karatkievich.freenode.net 372 jec-dev-botwain :- We would like to thank Private Internet Access
:karatkievich.freenode.net 372 jec-dev-botwain :- (https://www.privateinternetaccess.com/) and the other
:karatkievich.freenode.net 372 jec-dev-botwain :- organisations that help keep freenode and our other projects
:karatkievich.freenode.net 372 jec-dev-botwain :- running for their sustained support.
:karatkievich.freenode.net 372 jec-dev-botwain :-  
:karatkievich.freenode.net 372 jec-dev-botwain :- In particular we would like to thank the sponsor
:karatkievich.freenode.net 372 jec-dev-botwain :- of this server, details of which can be found above.
:karatkievich.freenode.net 372 jec-dev-botwain :-  
:karatkievich.freenode.net 372 jec-dev-botwain :- By connecting to freenode you indicate that you have read and
:karatkievich.freenode.net 372 jec-dev-botwain :- agree with our policies and guidelines as published on
:karatkievich.freenode.net 372 jec-dev-botwain :- https://freenode.net
:karatkievich.freenode.net 376 jec-dev-botwain :End of /MOTD command.
:jec-dev-botwain MODE jec-dev-botwain :+i
:jec-dev-botwain!~jec-dev-b@47.247.10.187 JOIN #jec-dev
:karatkievich.freenode.net 332 jec-dev-botwain #jec-dev :Logs : http://50.116.0.97:5000/ | 2 years of #jec-dev ٩(◕‿◕)۶ | chill out with fellow developers of JEC, discuss and please refrain from using sir/ma'am :)
:karatkievich.freenode.net 333 jec-dev-botwain #jec-dev vipul20!uid64067@gateway/web/irccloud.com/x-hurfjjwrmqfmpsgu 1502385858
:karatkievich.freenode.net 353 jec-dev-botwain = #jec-dev :jec-dev-botwain sandesh pikapi amey deepika san-D knrai vipul20 RPandey jec-dev-bot @ChanServ
:karatkievich.
21:43 freenode.net #jec-dev :End of /NAMES list.
:karatkievich.freenode.net 401 jec-dev-botwain #jec-devtesting :No such nick/channel
:karatkievich.freenode.net 401 jec-dev-botwain #jec-devtesting :No such nick/channel
21:43 :karatkievich.freenode.net #jec-devtesting :No such nick/channel
21:44 :knrai_ 
21:50 :wolfe.freenode.net :*** Looking up your hostname...
21:50 :wolfe.freenode.net :*** Checking Ident
:wolfe.freenode.net NOTICE * :*** Couldn't look up your hostname
21:50 :wolfe.freenode.net :*** No Ident response
21:50 twain server!
:wolfe.freenode.net 372 jec-dev-botwain :-  
:wolfe.freenode.net 372 jec-dev-botwain :- WOLFE, GENE [1931-].  Prolific writer of short stories and
:wolfe.freenode.net 372 jec-dev-botwain :- novels. His best-known work is the multi-volume novel The
:wolfe.freenode.net 372 jec-dev-botwain :- Book of the New Sun. He has won multiple awards including
:wolfe.freenode.net 372 jec-dev-botwain :- the Nebula Award, the World Fantasy Award, The Campell
:wolfe.freenode.net 372 jec-dev-botwain :- Memorial Award and the Locus Award. He was awarded the World
:wolfe.freenode.net 372 jec-dev-botwain :- Fantasy Award for lifetime achievement in 1996.
:wolfe.freenode.net 372 jec-dev-botwain :-  
:wolfe.freenode.net 372 jec-dev-botwain :- Welcome to freenode - supporting the free and open source
:wolfe.freenode.net 372 jec-dev-botwain :- software communities since 1998.
:wolfe.freenode.net 372 jec-dev-botwain :-  
:wolfe.freenode.net 372 jec-dev-botwain :- By connecting to freenode you indicate that you have read and
:wolfe.freenode.net 372 jec-dev-botwain :- accept our policies as set out on http://www.freenode.net
:wolfe.freenode.net 372 jec-dev-botwain :- freenode runs an open proxy scanner. Please join #freenode for
:wolfe.freenode.net 372 jec-dev-botwain :- any network-related questions or queries, where a number of
:wolfe.freenode.net 372 jec-dev-botwain :- volunteer staff and helpful users will be happy to assist you.
:wolfe.freenode.net 372 jec-dev-botwain :-  
:wolfe.freenode.net 372 jec-dev-botwain :- You can meet us at FOSSCON (http://www.fosscon.org) where we get
:wolfe.freenode.net 372 jec-dev-botwain :- together with like-minded FOSS enthusiasts for talks and
:wolfe.freenode.net 372 jec-dev-botwain :- real-life collaboration.
:wolfe.freenode.net 372 jec-dev-botwain :-  
:wolfe.freenode.net 372 jec-dev-botwain :- We would like to thank Private Internet Access
:wolfe.freenode.net 372 jec-dev-botwain :- (https://www.privateinternetaccess.com/) and the other
:wolfe.freenode.ne
21:50 t :- organisations that help keep freenode and our other projects
:wolfe.freenode.net 372 jec-dev-botwain :- running for their sustained support.
:wolfe.freenode.net 372 jec-dev-botwain :-  
:wolfe.freenode.net 372 jec-dev-botwain :- In particular we would like to thank the sponsor
:wolfe.freenode.net 372 jec-dev-botwain :- of this server, details of which can be found above.
:wolfe.freenode.net 372 jec-dev-botwain :-  
:wolfe.freenode.net 372 jec-dev-botwain :- By connecting to freenode you indicate that you have read and
:wolfe.freenode.net 372 jec-dev-botwain :- agree with our policies and guidelines as published on
:wolfe.freenode.net 372 jec-dev-botwain :- https://freenode.net
:wolfe.freenode.net 376 jec-dev-botwain :End of /MOTD command.
:jec-dev-botwain MODE jec-dev-botwain :+i
21:50 :jec-dev-botwain 332 jec-dev-botwain #jec-dev :Logs : http://50.116.0.97:5000/ | 2 years of #jec-dev ٩(◕‿◕)۶ | chill out with fellow developers of JEC, discuss and please refrain from using sir/ma'am :)
:wolfe.freenode.net 333 jec-dev-botwain #jec-dev vipul20!uid64067@gateway/web/irccloud.com/x-hurfjjwrmqfmpsgu 1502385858
:wolfe.freenode.net 353 jec-dev-botwain = #jec-dev :jec-dev-botwain u043 knrai_ sandesh pikapi amey deepika san-D knrai vipul20 RPandey jec-dev-bot @ChanServ
:wolfe.freenode.net 366 jec-dev-botwain #jec-dev :End of /NAMES list.
:wolfe.freenode.net 401 jec-dev-botwain #jec-devtesting :No such nick/channel
:wolfe.freenode.net 401 jec-dev-botwain #jec-devtesting :No such nick/channel
:wolfe.freenode.net 401 jec-dev-botwain #jec-devtesting :No such nick/channel
21:50 :wolfe.freenode.net #jec-devtesting :No such nick/channel
21:53 :pikapi timeout: 260 seconds
21:53 :knrai_ :just testing
:wolfe.freenode.net 401 jec-dev-botwain #jec-devtesting :No such nick/channel
21:53 :wolfe.freenode.net #jec-devtesting :No such nick/channel
21:57 :knrai__ 
21:57 :wolfe.freenode.net #jec-devtesting :No such nick/channel
21:57 :knrai_ timeout: 260 seconds
21:58 :knrai__ 
21:58 :knrai__ 
21:59 :Gaurav_ 
21:59 :wolfe.freenode.net #jec-devtesting :No such nick/channel
22:03 :verne.freenode.net :*** Looking up your hostname...
22:03 :verne.freenode.net :*** Checking Ident
:verne.freenode.net NOTICE * :*** Couldn't look up your hostname
22:03 :verne.freenode.net :*** No Ident response
22:03 ec-dev-botwain server!
:verne.freenode.net 372 jec-dev-botwain :-  
:verne.freenode.net 372 jec-dev-botwain :-  
:verne.freenode.net 372 jec-dev-botwain :- VERNE, Jules (1828-1905). Born in Nantes, France, Verne was
:verne.freenode.net 372 jec-dev-botwain :- a pioneering french author known for novels such as Twenty
:verne.freenode.net 372 jec-dev-botwain :- Thousand Leagues Under the Sea, A Journey to the Center of the
:verne.freenode.net 372 jec-dev-botwain :- Earth, and Around the World in Eighty Days. Often lauded as the
:verne.freenode.net 372 jec-dev-botwain :- Father of science fiction, Verne wrote about concepts such as
:verne.freenode.net 372 jec-dev-botwain :- space travel, skyscrapers, and worldwide communications
:verne.freenode.net 372 jec-dev-botwain :- networks long before these ideas became popularised or realised.
:verne.freenode.net 372 jec-dev-botwain :-  
:verne.freenode.net 372 jec-dev-botwain :- Welcome to freenode - supporting the free and open source
:verne.freenode.net 372 jec-dev-botwain :- software communities since 1998.
:verne.freenode.net 372 jec-dev-botwain :-  
:verne.freenode.net 372 jec-dev-botwain :- By connecting to freenode you indicate that you have read and
:verne.freenode.net 372 jec-dev-botwain :- accept our policies as set out on http://www.freenode.net
:verne.freenode.net 372 jec-dev-botwain :- freenode runs an open proxy scanner. Please join #freenode for
:verne.freenode.net 372 jec-dev-botwain :- any network-related questions or queries, where a number of
:verne.freenode.net 372 jec-dev-botwain :- volunteer staff and helpful users will be happy to assist you.
:verne.freenode.net 372 jec-dev-botwain :-  
:verne.freenode.net 372 jec-dev-botwain :- You can meet us at FOSSCON (http://www.fosscon.org) where we get
:verne.freenode.net 372 jec-dev-botwain :- together with like-minded FOSS enthusiasts for talks and
:verne.freenode.net 372 jec-dev-botwain :- real-life collaboration.
:verne.freenode.net 372 jec-dev-botwain :-  
:verne.freenode.net
22:03  :- We would like to thank Private Internet Access
:verne.freenode.net 372 jec-dev-botwain :- (https://www.privateinternetaccess.com/) and the other
:verne.freenode.net 372 jec-dev-botwain :- organisations that help keep freenode and our other projects
:verne.freenode.net 372 jec-dev-botwain :- running for their sustained support.
:verne.freenode.net 372 jec-dev-botwain :-  
:verne.freenode.net 372 jec-dev-botwain :- In particular we would like to thank the sponsor
:verne.freenode.net 372 jec-dev-botwain :- of this server, details of which can be found above.
:verne.freenode.net 372 jec-dev-botwain :-  
:verne.freenode.net 372 jec-dev-botwain :- By connecting to freenode you indicate that you have read and
:verne.freenode.net 372 jec-dev-botwain :- agree with our policies and guidelines as published on
:verne.freenode.net 372 jec-dev-botwain :- https://freenode.net
:verne.freenode.net 376 jec-dev-botwain :End of /MOTD command.
:jec-dev-botwain MODE jec-dev-botwain :+i
:jec-dev-botwain!~jec-dev-b@47.247.10.187 JOIN #jec-dev
:verne.freenode.net 332 jec-dev-botwain #jec-dev :Logs : http://50.116.0.97:5000/ | 2 years of #jec-dev ٩(◕‿◕)۶ | chill out with fellow developers of JEC, discuss and please refrain from using sir/ma'am :)
:verne.freenode.net 333 jec-dev-botwain #jec-dev vipul20!uid64067@gateway/web/irccloud.com/x-hurfjjwrmqfmpsgu 1502385859
:verne.freenode.net 353 jec-dev-botwain = #jec-dev :jec-dev-botwain Gaurav_ u043 sandesh amey deepika san-D knrai vipul20 RPandey jec-dev-bot @ChanServ
:verne.freenode.net 366 jec-dev-botwain #jec-dev :End of /NAMES list.
:verne.freenode.net 401 jec-dev-botwain #jec-devtesting :No such nick/channel
:verne.freenode.net 401 jec-dev-botwain #jec-devtesting :No such nick/channel
22:05 :sandesh ::Hello jec-dev-botwain
22:05 :jec-dev-bot :Hello! Welcome to jec-dev! Happy Hacking! :D
:verne.freenode.net 401 jec-dev-botwain #jec-devtesting :No such nick/channel
22:05 :verne.freenode.net #jec-devtesting :No such nick/channel
22:06 :knrai :hay sandesh jec-dev-bot is responding to his botwain call
22:06 :verne.freenode.net #jec-devtesting :No such nick/channel
22:14 :barjavel.freenode.net :*** Looking up your hostname...
22:14 :barjavel.freenode.net :*** Checking Ident
:barjavel.freenode.net NOTICE * :*** Couldn't look up your hostname
